<?xml version="1.0" encoding="UTF-8"?>
<!-- Generated by org.testng.reporters.JUnitReportReporter -->
<testsuite hostname="Hari" failures="0" tests="1" name="Java_Appium.MobileAutomation.AppTest" time="13.428" errors="0" timestamp="2024-05-08T20:32:41 EDT" skipped="0">
  <testcase classname="Java_Appium.MobileAutomation.AppTest" name="TestDataApp" time="13.428"/>
</testsuite> <!-- Java_Appium.MobileAutomation.AppTest -->
